<?xml version="1.0" encoding="UTF-8"?>
<!-- Generated by org.testng.reporters.JUnitReportReporter -->
<testsuite hostname="Abinash" failures="0" tests="1" name="com.actitime.test.ActitimeLoginLogoutExtentReport" time="10.325" errors="0" timestamp="07 Feb 2023 05:46:12 GMT" skipped="0">
  <testcase classname="com.actitime.test.ActitimeLoginLogoutExtentReport" name="actitimeloginlogoutEXRepo" time="10.325"/>
</testsuite> <!-- com.actitime.test.ActitimeLoginLogoutExtentReport -->
