<?xml version="1.0" encoding="UTF-8"?>
<!-- Generated by org.testng.reporters.JUnitReportReporter -->
<testsuite hostname="Abinash" failures="0" tests="1" name="com.actitime.test.DeleteCreatedCustomer" time="25.375" errors="0" timestamp="07 Feb 2023 05:47:29 GMT" skipped="0">
  <testcase classname="com.actitime.test.DeleteCreatedCustomer" name="deleteCreateCustomer" time="25.375"/>
</testsuite> <!-- com.actitime.test.DeleteCreatedCustomer -->
