<?xml version="1.0" encoding="UTF-8"?>
<!-- Generated by org.testng.reporters.JUnitReportReporter -->
<testsuite hostname="Abinash" failures="0" tests="1" name="com.actitime.test.CreatenewCustomer" time="18.938" errors="0" timestamp="07 Feb 2023 05:46:54 GMT" skipped="0">
  <testcase classname="com.actitime.test.CreatenewCustomer" name="createnewCustomer" time="18.938"/>
</testsuite> <!-- com.actitime.test.CreatenewCustomer -->
