<?xml version="1.0" encoding="UTF-8"?>
<!-- Generated by org.testng.reporters.JUnitReportReporter -->
<testsuite hostname="Abinash" failures="0" tests="1" name="sparkReportExtentReport.TestClass" time="5.476" errors="0" timestamp="06 Jan 2023 15:59:12 GMT" skipped="0">
  <testcase classname="sparkReportExtentReport.TestClass" name="testCase" time="5.476"/>
</testsuite> <!-- sparkReportExtentReport.TestClass -->
