<?xml version="1.0" encoding="UTF-8"?>
<!-- Generated by org.testng.reporters.JUnitReportReporter -->
<testsuite hostname="Abinash" failures="0" tests="1" name="com.actitime.test.New" time="0.040" errors="0" timestamp="07 Feb 2023 05:48:31 GMT" skipped="0">
  <testcase classname="com.actitime.test.New" name="testcase_001" time="0.040"/>
</testsuite> <!-- com.actitime.test.New -->
