<?xml version="1.0" encoding="UTF-8"?>
<!-- Generated by org.testng.reporters.JUnitReportReporter -->
<testsuite hostname="Abinash" failures="0" tests="1" name="com.actitime.test.ActitimeLoginLogout" time="12.548" errors="0" timestamp="07 Feb 2023 05:45:48 GMT" skipped="0">
  <testcase classname="com.actitime.test.ActitimeLoginLogout" name="loginlogout" time="12.548"/>
</testsuite> <!-- com.actitime.test.ActitimeLoginLogout -->
