<?xml version="1.0" encoding="UTF-8"?>
<!-- Generated by org.testng.reporters.JUnitReportReporter -->
<testsuite hostname="Abinash" failures="0" tests="2" name="sparkReportExtentReport.ExtentSparkExtentReport" time="5.543" errors="0" timestamp="07 Jan 2023 02:55:21 GMT" skipped="0">
  <testcase classname="sparkReportExtentReport.ExtentSparkExtentReport" name="login" time="5.527"/>
  <testcase classname="sparkReportExtentReport.ExtentSparkExtentReport" name="check" time="0.016"/>
</testsuite> <!-- sparkReportExtentReport.ExtentSparkExtentReport -->
