<?xml version="1.0" encoding="UTF-8"?>
<!-- Generated by org.testng.reporters.JUnitReportReporter -->
<testsuite hostname="Abinash" failures="0" tests="1" name="com.actitime.test.CreatenewCustomer" time="20.393" errors="0" timestamp="07 Feb 2023 06:33:35 GMT" skipped="0">
  <testcase classname="com.actitime.test.CreatenewCustomer" name="createnewCustomer" time="20.393"/>
</testsuite> <!-- com.actitime.test.CreatenewCustomer -->
