<?xml version="1.0" encoding="UTF-8"?>
<!-- Generated by org.testng.reporters.JUnitReportReporter -->
<testsuite hostname="Abinash" failures="0" tests="1" name="com.actitime.test.ActitimeLoginLogout" time="14.552" errors="0" timestamp="07 Feb 2023 06:33:35 GMT" skipped="0">
  <testcase classname="com.actitime.test.ActitimeLoginLogout" name="loginlogout" time="14.552"/>
</testsuite> <!-- com.actitime.test.ActitimeLoginLogout -->
